<?xml version="1.0" encoding="UTF-8"?>
<testng-results ignored="10" total="18" passed="5" failed="3" skipped="0">
  <reporter-output>
  </reporter-output>
  <suite started-at="2023-02-05T00:13:21 IST" name="Suite" finished-at="2023-02-05T00:16:17 IST" duration-ms="175884">
    <groups>
    </groups>
    <test started-at="2023-02-05T00:13:21 IST" name="Test" finished-at="2023-02-05T00:16:17 IST" duration-ms="175884">
      <class name="com.ds.testLayer.singUpPageTest">
        <test-method is-config="true" signature="setUp(java.lang.String)[pri:0, instance:com.ds.testLayer.singUpPageTest@223d2c72]" started-at="2023-02-05T00:14:16 IST" name="setUp" finished-at="2023-02-05T00:14:28 IST" duration-ms="12065" status="PASS">
          <params>
            <param index="0">
              <value>
                <![CDATA[chrome]]>
              </value>
            </param>
          </params>
          <reporter-output>
          </reporter-output>
        </test-method> <!-- setUp -->
        <test-method signature="verifySingupWithCorrectCred()[pri:0, instance:com.ds.testLayer.singUpPageTest@223d2c72]" started-at="2023-02-05T00:14:28 IST" name="verifySingupWithCorrectCred" finished-at="2023-02-05T00:14:49 IST" duration-ms="20401" status="FAIL">
          <exception class="org.openqa.selenium.NoSuchElementException">
            <message>
              <![CDATA[no such element: Unable to locate element: {"method":"xpath","selector":"//a[@class='fw-medium text-primary']"}
  (Session info: chrome=109.0.5414.120)
For documentation on this error, please visit: https://selenium.dev/exceptions/#no_such_element
Build info: version: '4.5.3', revision: '4b786a1e430'
System info: os.name: 'Windows 10', os.arch: 'amd64', os.version: '10.0', java.version: '19'
Driver info: org.openqa.selenium.chrome.ChromeDriver
Command: [52860450de8b1420efb6afff8f70ca6e, findElement {using=xpath, value=//a[@class='fw-medium text-primary']}]
Capabilities {acceptInsecureCerts: false, browserName: chrome, browserVersion: 109.0.5414.120, chrome: {chromedriverVersion: 109.0.5414.74 (e7c5703604da..., userDataDir: C:\Program Files (x86)\scop...}, goog:chromeOptions: {debuggerAddress: localhost:54666}, networkConnectionEnabled: false, pageLoadStrategy: normal, platformName: WINDOWS, proxy: Proxy(), se:cdp: ws://localhost:54666/devtoo..., se:cdpVersion: 109.0.5414.120, setWindowRect: true, strictFileInteractability: false, timeouts: {implicit: 0, pageLoad: 300000, script: 30000}, unhandledPromptBehavior: dismiss and notify, webauthn:extension:credBlob: true, webauthn:extension:largeBlob: true, webauthn:virtualAuthenticators: true}
Session ID: 52860450de8b1420efb6afff8f70ca6e]]>
            </message>
            <full-stacktrace>
              <![CDATA[org.openqa.selenium.NoSuchElementException: no such element: Unable to locate element: {"method":"xpath","selector":"//a[@class='fw-medium text-primary']"}
  (Session info: chrome=109.0.5414.120)
For documentation on this error, please visit: https://selenium.dev/exceptions/#no_such_element
Build info: version: '4.5.3', revision: '4b786a1e430'
System info: os.name: 'Windows 10', os.arch: 'amd64', os.version: '10.0', java.version: '19'
Driver info: org.openqa.selenium.chrome.ChromeDriver
Command: [52860450de8b1420efb6afff8f70ca6e, findElement {using=xpath, value=//a[@class='fw-medium text-primary']}]
Capabilities {acceptInsecureCerts: false, browserName: chrome, browserVersion: 109.0.5414.120, chrome: {chromedriverVersion: 109.0.5414.74 (e7c5703604da..., userDataDir: C:\Program Files (x86)\scop...}, goog:chromeOptions: {debuggerAddress: localhost:54666}, networkConnectionEnabled: false, pageLoadStrategy: normal, platformName: WINDOWS, proxy: Proxy(), se:cdp: ws://localhost:54666/devtoo..., se:cdpVersion: 109.0.5414.120, setWindowRect: true, strictFileInteractability: false, timeouts: {implicit: 0, pageLoad: 300000, script: 30000}, unhandledPromptBehavior: dismiss and notify, webauthn:extension:credBlob: true, webauthn:extension:largeBlob: true, webauthn:virtualAuthenticators: true}
Session ID: 52860450de8b1420efb6afff8f70ca6e
at java.base/jdk.internal.reflect.DirectConstructorHandleAccessor.newInstance(DirectConstructorHandleAccessor.java:67)
at java.base/java.lang.reflect.Constructor.newInstanceWithCaller(Constructor.java:500)
at java.base/java.lang.reflect.Constructor.newInstance(Constructor.java:484)
at org.openqa.selenium.remote.codec.w3c.W3CHttpResponseCodec.createException(W3CHttpResponseCodec.java:200)
at org.openqa.selenium.remote.codec.w3c.W3CHttpResponseCodec.decode(W3CHttpResponseCodec.java:133)
at org.openqa.selenium.remote.codec.w3c.W3CHttpResponseCodec.decode(W3CHttpResponseCodec.java:53)
at org.openqa.selenium.remote.HttpCommandExecutor.execute(HttpCommandExecutor.java:184)
at org.openqa.selenium.remote.service.DriverCommandExecutor.invokeExecute(DriverCommandExecutor.java:167)
at org.openqa.selenium.remote.service.DriverCommandExecutor.execute(DriverCommandExecutor.java:142)
at org.openqa.selenium.remote.RemoteWebDriver.execute(RemoteWebDriver.java:541)
at org.openqa.selenium.remote.ElementLocation$ElementFinder$2.findElement(ElementLocation.java:162)
at org.openqa.selenium.remote.ElementLocation.findElement(ElementLocation.java:60)
at org.openqa.selenium.remote.RemoteWebDriver.findElement(RemoteWebDriver.java:365)
at org.openqa.selenium.remote.RemoteWebDriver.findElement(RemoteWebDriver.java:357)
at org.openqa.selenium.support.pagefactory.DefaultElementLocator.findElement(DefaultElementLocator.java:70)
at org.openqa.selenium.support.pagefactory.internal.LocatingElementHandler.invoke(LocatingElementHandler.java:39)
at jdk.proxy2/jdk.proxy2.$Proxy19.click(Unknown Source)
at com.ds.pageLayer.SignupPage.ClickOnSignupButton(SignupPage.java:39)
at com.ds.testLayer.singUpPageTest.verifySingupWithCorrectCred(singUpPageTest.java:18)
at java.base/jdk.internal.reflect.DirectMethodHandleAccessor.invoke(DirectMethodHandleAccessor.java:104)
at java.base/java.lang.reflect.Method.invoke(Method.java:578)
at org.testng.internal.MethodInvocationHelper.invokeMethod(MethodInvocationHelper.java:133)
at org.testng.internal.TestInvoker.invokeMethod(TestInvoker.java:598)
at org.testng.internal.TestInvoker.invokeTestMethod(TestInvoker.java:173)
at org.testng.internal.MethodRunner.runInSequence(MethodRunner.java:46)
at org.testng.internal.TestInvoker$MethodInvocationAgent.invoke(TestInvoker.java:824)
at org.testng.internal.TestInvoker.invokeTestMethods(TestInvoker.java:146)
at org.testng.internal.TestMethodWorker.invokeTestMethods(TestMethodWorker.java:146)
at org.testng.internal.TestMethodWorker.run(TestMethodWorker.java:128)
at java.base/java.util.ArrayList.forEach(ArrayList.java:1511)
at org.testng.TestRunner.privateRun(TestRunner.java:794)
at org.testng.TestRunner.run(TestRunner.java:596)
at org.testng.SuiteRunner.runTest(SuiteRunner.java:377)
at org.testng.SuiteRunner.runSequentially(SuiteRunner.java:371)
at org.testng.SuiteRunner.privateRun(SuiteRunner.java:332)
at org.testng.SuiteRunner.run(SuiteRunner.java:276)
at org.testng.SuiteRunnerWorker.runSuite(SuiteRunnerWorker.java:53)
at org.testng.SuiteRunnerWorker.run(SuiteRunnerWorker.java:96)
at org.testng.TestNG.runSuitesSequentially(TestNG.java:1212)
at org.testng.TestNG.runSuitesLocally(TestNG.java:1134)
at org.testng.TestNG.runSuites(TestNG.java:1063)
at org.testng.TestNG.run(TestNG.java:1031)
at org.testng.remote.AbstractRemoteTestNG.run(AbstractRemoteTestNG.java:115)
at org.testng.remote.RemoteTestNG.initAndRun(RemoteTestNG.java:251)
at org.testng.remote.RemoteTestNG.main(RemoteTestNG.java:77)
]]>
            </full-stacktrace>
          </exception> <!-- org.openqa.selenium.NoSuchElementException -->
          <reporter-output>
          </reporter-output>
        </test-method> <!-- verifySingupWithCorrectCred -->
        <test-method is-config="true" signature="tearDown()[pri:0, instance:com.ds.testLayer.singUpPageTest@223d2c72]" started-at="2023-02-05T00:14:49 IST" name="tearDown" finished-at="2023-02-05T00:14:55 IST" duration-ms="5346" status="PASS">
          <reporter-output>
          </reporter-output>
        </test-method> <!-- tearDown -->
      </class> <!-- com.ds.testLayer.singUpPageTest -->
      <class name="com.ds.testLayer.LogoutFunctionality">
        <test-method is-config="true" signature="start()[pri:0, instance:com.ds.testLayer.LogoutFunctionality@3a93b025]" started-at="2023-02-05T00:13:21 IST" name="start" finished-at="2023-02-05T00:13:21 IST" duration-ms="171" status="PASS">
          <reporter-output>
          </reporter-output>
        </test-method> <!-- start -->
        <test-method is-config="true" signature="setUp(java.lang.String)[pri:0, instance:com.ds.testLayer.LogoutFunctionality@3a93b025]" started-at="2023-02-05T00:13:21 IST" name="setUp" finished-at="2023-02-05T00:13:33 IST" duration-ms="12243" status="PASS">
          <params>
            <param index="0">
              <value>
                <![CDATA[chrome]]>
              </value>
            </param>
          </params>
          <reporter-output>
          </reporter-output>
        </test-method> <!-- setUp -->
        <test-method signature="verifyLogoutFunctionality()[pri:0, instance:com.ds.testLayer.LogoutFunctionality@3a93b025]" started-at="2023-02-05T00:13:33 IST" name="verifyLogoutFunctionality" finished-at="2023-02-05T00:13:34 IST" duration-ms="592" status="PASS">
          <reporter-output>
          </reporter-output>
        </test-method> <!-- verifyLogoutFunctionality -->
        <test-method is-config="true" signature="tearDown()[pri:0, instance:com.ds.testLayer.LogoutFunctionality@3a93b025]" started-at="2023-02-05T00:13:34 IST" name="tearDown" finished-at="2023-02-05T00:13:35 IST" duration-ms="1268" status="PASS">
          <reporter-output>
          </reporter-output>
        </test-method> <!-- tearDown -->
        <test-method is-config="true" signature="end()[pri:0, instance:com.ds.testLayer.LogoutFunctionality@3a93b025]" started-at="2023-02-05T00:16:17 IST" name="end" finished-at="2023-02-05T00:16:17 IST" duration-ms="1" status="PASS">
          <reporter-output>
          </reporter-output>
        </test-method> <!-- end -->
      </class> <!-- com.ds.testLayer.LogoutFunctionality -->
      <class name="com.ds.testLayer.SellFunctionality">
        <test-method is-config="true" signature="setUp(java.lang.String)[pri:0, instance:com.ds.testLayer.SellFunctionality@36902638]" started-at="2023-02-05T00:13:35 IST" name="setUp" finished-at="2023-02-05T00:13:47 IST" duration-ms="11398" status="PASS">
          <params>
            <param index="0">
              <value>
                <![CDATA[chrome]]>
              </value>
            </param>
          </params>
          <reporter-output>
          </reporter-output>
        </test-method> <!-- setUp -->
        <test-method signature="verifySellFunctionality()[pri:0, instance:com.ds.testLayer.SellFunctionality@36902638]" started-at="2023-02-05T00:13:47 IST" name="verifySellFunctionality" finished-at="2023-02-05T00:13:57 IST" duration-ms="10411" status="PASS">
          <reporter-output>
          </reporter-output>
        </test-method> <!-- verifySellFunctionality -->
        <test-method is-config="true" signature="tearDown()[pri:0, instance:com.ds.testLayer.SellFunctionality@36902638]" started-at="2023-02-05T00:13:57 IST" name="tearDown" finished-at="2023-02-05T00:13:57 IST" duration-ms="330" status="PASS">
          <reporter-output>
          </reporter-output>
        </test-method> <!-- tearDown -->
        <test-method is-config="true" signature="setUp(java.lang.String)[pri:0, instance:com.ds.testLayer.SellFunctionality@36902638]" started-at="2023-02-05T00:13:57 IST" name="setUp" finished-at="2023-02-05T00:14:09 IST" duration-ms="11545" status="PASS">
          <params>
            <param index="0">
              <value>
                <![CDATA[chrome]]>
              </value>
            </param>
          </params>
          <reporter-output>
          </reporter-output>
        </test-method> <!-- setUp -->
        <test-method signature="verifySellIntradayFunctionality()[pri:0, instance:com.ds.testLayer.SellFunctionality@36902638]" started-at="2023-02-05T00:14:09 IST" name="verifySellIntradayFunctionality" finished-at="2023-02-05T00:14:16 IST" duration-ms="6888" status="FAIL">
          <exception class="java.lang.AssertionError">
            <message>
              <![CDATA[expected [Order Created successfully] but found []]]>
            </message>
            <full-stacktrace>
              <![CDATA[java.lang.AssertionError: expected [Order Created successfully] but found []
at org.testng.Assert.fail(Assert.java:99)
at org.testng.Assert.failNotEquals(Assert.java:1037)
at org.testng.Assert.assertEqualsImpl(Assert.java:140)
at org.testng.Assert.assertEquals(Assert.java:122)
at org.testng.Assert.assertEquals(Assert.java:629)
at org.testng.Assert.assertEquals(Assert.java:639)
at com.ds.testLayer.SellFunctionality.verifySellIntradayFunctionality(SellFunctionality.java:48)
at java.base/jdk.internal.reflect.DirectMethodHandleAccessor.invoke(DirectMethodHandleAccessor.java:104)
at java.base/java.lang.reflect.Method.invoke(Method.java:578)
at org.testng.internal.MethodInvocationHelper.invokeMethod(MethodInvocationHelper.java:133)
at org.testng.internal.TestInvoker.invokeMethod(TestInvoker.java:598)
at org.testng.internal.TestInvoker.invokeTestMethod(TestInvoker.java:173)
at org.testng.internal.MethodRunner.runInSequence(MethodRunner.java:46)
at org.testng.internal.TestInvoker$MethodInvocationAgent.invoke(TestInvoker.java:824)
at org.testng.internal.TestInvoker.invokeTestMethods(TestInvoker.java:146)
at org.testng.internal.TestMethodWorker.invokeTestMethods(TestMethodWorker.java:146)
at org.testng.internal.TestMethodWorker.run(TestMethodWorker.java:128)
at java.base/java.util.ArrayList.forEach(ArrayList.java:1511)
at org.testng.TestRunner.privateRun(TestRunner.java:794)
at org.testng.TestRunner.run(TestRunner.java:596)
at org.testng.SuiteRunner.runTest(SuiteRunner.java:377)
at org.testng.SuiteRunner.runSequentially(SuiteRunner.java:371)
at org.testng.SuiteRunner.privateRun(SuiteRunner.java:332)
at org.testng.SuiteRunner.run(SuiteRunner.java:276)
at org.testng.SuiteRunnerWorker.runSuite(SuiteRunnerWorker.java:53)
at org.testng.SuiteRunnerWorker.run(SuiteRunnerWorker.java:96)
at org.testng.TestNG.runSuitesSequentially(TestNG.java:1212)
at org.testng.TestNG.runSuitesLocally(TestNG.java:1134)
at org.testng.TestNG.runSuites(TestNG.java:1063)
at org.testng.TestNG.run(TestNG.java:1031)
at org.testng.remote.AbstractRemoteTestNG.run(AbstractRemoteTestNG.java:115)
at org.testng.remote.RemoteTestNG.initAndRun(RemoteTestNG.java:251)
at org.testng.remote.RemoteTestNG.main(RemoteTestNG.java:77)
]]>
            </full-stacktrace>
          </exception> <!-- java.lang.AssertionError -->
          <reporter-output>
          </reporter-output>
        </test-method> <!-- verifySellIntradayFunctionality -->
        <test-method is-config="true" signature="tearDown()[pri:0, instance:com.ds.testLayer.SellFunctionality@36902638]" started-at="2023-02-05T00:14:16 IST" name="tearDown" finished-at="2023-02-05T00:14:16 IST" duration-ms="264" status="PASS">
          <reporter-output>
          </reporter-output>
        </test-method> <!-- tearDown -->
      </class> <!-- com.ds.testLayer.SellFunctionality -->
      <class name="com.ds.testLayer.TranactionTest">
        <test-method is-config="true" signature="setUp(java.lang.String)[pri:0, instance:com.ds.testLayer.TranactionTest@8f4ea7c]" started-at="2023-02-05T00:14:55 IST" name="setUp" finished-at="2023-02-05T00:15:09 IST" duration-ms="14394" status="PASS">
          <params>
            <param index="0">
              <value>
                <![CDATA[chrome]]>
              </value>
            </param>
          </params>
          <reporter-output>
          </reporter-output>
        </test-method> <!-- setUp -->
        <test-method signature="getDataFromTransactionPage()[pri:0, instance:com.ds.testLayer.TranactionTest@8f4ea7c]" started-at="2023-02-05T00:15:09 IST" name="getDataFromTransactionPage" finished-at="2023-02-05T00:15:13 IST" duration-ms="4107" status="PASS">
          <reporter-output>
          </reporter-output>
        </test-method> <!-- getDataFromTransactionPage -->
        <test-method is-config="true" signature="tearDown()[pri:0, instance:com.ds.testLayer.TranactionTest@8f4ea7c]" started-at="2023-02-05T00:15:13 IST" name="tearDown" finished-at="2023-02-05T00:15:14 IST" duration-ms="1160" status="PASS">
          <reporter-output>
          </reporter-output>
        </test-method> <!-- tearDown -->
      </class> <!-- com.ds.testLayer.TranactionTest -->
      <class name="com.ds.testLayer.LoginPageTest">
        <test-method is-config="true" signature="setUp(java.lang.String)[pri:0, instance:com.ds.testLayer.LoginPageTest@436813f3]" started-at="2023-02-05T00:15:14 IST" name="setUp" finished-at="2023-02-05T00:15:29 IST" duration-ms="14432" status="PASS">
          <params>
            <param index="0">
              <value>
                <![CDATA[chrome]]>
              </value>
            </param>
          </params>
          <reporter-output>
          </reporter-output>
        </test-method> <!-- setUp -->
        <test-method signature="verifyLoginWithCorrectCred()[pri:0, instance:com.ds.testLayer.LoginPageTest@436813f3]" started-at="2023-02-05T00:15:29 IST" name="verifyLoginWithCorrectCred" finished-at="2023-02-05T00:15:29 IST" duration-ms="272" status="PASS">
          <reporter-output>
          </reporter-output>
        </test-method> <!-- verifyLoginWithCorrectCred -->
        <test-method is-config="true" signature="tearDown()[pri:0, instance:com.ds.testLayer.LoginPageTest@436813f3]" started-at="2023-02-05T00:15:29 IST" name="tearDown" finished-at="2023-02-05T00:15:30 IST" duration-ms="844" status="PASS">
          <reporter-output>
          </reporter-output>
        </test-method> <!-- tearDown -->
      </class> <!-- com.ds.testLayer.LoginPageTest -->
      <class name="com.ds.testLayer.BuyFunctionality">
        <test-method is-config="true" signature="setUp(java.lang.String)[pri:0, instance:com.ds.testLayer.BuyFunctionality@74fe5c40]" started-at="2023-02-05T00:15:30 IST" name="setUp" finished-at="2023-02-05T00:15:43 IST" duration-ms="13471" status="PASS">
          <params>
            <param index="0">
              <value>
                <![CDATA[chrome]]>
              </value>
            </param>
          </params>
          <reporter-output>
          </reporter-output>
        </test-method> <!-- setUp -->
        <test-method signature="verifyBuyFunctionality()[pri:0, instance:com.ds.testLayer.BuyFunctionality@74fe5c40]" started-at="2023-02-05T00:15:43 IST" name="verifyBuyFunctionality" finished-at="2023-02-05T00:15:53 IST" duration-ms="9869" status="FAIL">
          <exception class="java.lang.AssertionError">
            <message>
              <![CDATA[expected [Order Created successfully] but found []]]>
            </message>
            <full-stacktrace>
              <![CDATA[java.lang.AssertionError: expected [Order Created successfully] but found []
at org.testng.Assert.fail(Assert.java:99)
at org.testng.Assert.failNotEquals(Assert.java:1037)
at org.testng.Assert.assertEqualsImpl(Assert.java:140)
at org.testng.Assert.assertEquals(Assert.java:122)
at org.testng.Assert.assertEquals(Assert.java:629)
at org.testng.Assert.assertEquals(Assert.java:639)
at com.ds.testLayer.BuyFunctionality.verifyBuyFunctionality(BuyFunctionality.java:31)
at java.base/jdk.internal.reflect.DirectMethodHandleAccessor.invoke(DirectMethodHandleAccessor.java:104)
at java.base/java.lang.reflect.Method.invoke(Method.java:578)
at org.testng.internal.MethodInvocationHelper.invokeMethod(MethodInvocationHelper.java:133)
at org.testng.internal.TestInvoker.invokeMethod(TestInvoker.java:598)
at org.testng.internal.TestInvoker.invokeTestMethod(TestInvoker.java:173)
at org.testng.internal.MethodRunner.runInSequence(MethodRunner.java:46)
at org.testng.internal.TestInvoker$MethodInvocationAgent.invoke(TestInvoker.java:824)
at org.testng.internal.TestInvoker.invokeTestMethods(TestInvoker.java:146)
at org.testng.internal.TestMethodWorker.invokeTestMethods(TestMethodWorker.java:146)
at org.testng.internal.TestMethodWorker.run(TestMethodWorker.java:128)
at java.base/java.util.ArrayList.forEach(ArrayList.java:1511)
at org.testng.TestRunner.privateRun(TestRunner.java:794)
at org.testng.TestRunner.run(TestRunner.java:596)
at org.testng.SuiteRunner.runTest(SuiteRunner.java:377)
at org.testng.SuiteRunner.runSequentially(SuiteRunner.java:371)
at org.testng.SuiteRunner.privateRun(SuiteRunner.java:332)
at org.testng.SuiteRunner.run(SuiteRunner.java:276)
at org.testng.SuiteRunnerWorker.runSuite(SuiteRunnerWorker.java:53)
at org.testng.SuiteRunnerWorker.run(SuiteRunnerWorker.java:96)
at org.testng.TestNG.runSuitesSequentially(TestNG.java:1212)
at org.testng.TestNG.runSuitesLocally(TestNG.java:1134)
at org.testng.TestNG.runSuites(TestNG.java:1063)
at org.testng.TestNG.run(TestNG.java:1031)
at org.testng.remote.AbstractRemoteTestNG.run(AbstractRemoteTestNG.java:115)
at org.testng.remote.RemoteTestNG.initAndRun(RemoteTestNG.java:251)
at org.testng.remote.RemoteTestNG.main(RemoteTestNG.java:77)
]]>
            </full-stacktrace>
          </exception> <!-- java.lang.AssertionError -->
          <reporter-output>
          </reporter-output>
        </test-method> <!-- verifyBuyFunctionality -->
        <test-method is-config="true" signature="tearDown()[pri:0, instance:com.ds.testLayer.BuyFunctionality@74fe5c40]" started-at="2023-02-05T00:15:58 IST" name="tearDown" finished-at="2023-02-05T00:15:58 IST" duration-ms="371" status="PASS">
          <reporter-output>
          </reporter-output>
        </test-method> <!-- tearDown -->
        <test-method is-config="true" signature="setUp(java.lang.String)[pri:0, instance:com.ds.testLayer.BuyFunctionality@74fe5c40]" started-at="2023-02-05T00:15:58 IST" name="setUp" finished-at="2023-02-05T00:16:09 IST" duration-ms="11221" status="PASS">
          <params>
            <param index="0">
              <value>
                <![CDATA[chrome]]>
              </value>
            </param>
          </params>
          <reporter-output>
          </reporter-output>
        </test-method> <!-- setUp -->
        <test-method signature="verifyBuyIntradayFunctionality()[pri:0, instance:com.ds.testLayer.BuyFunctionality@74fe5c40]" started-at="2023-02-05T00:16:09 IST" name="verifyBuyIntradayFunctionality" finished-at="2023-02-05T00:16:17 IST" duration-ms="7413" status="PASS">
          <reporter-output>
          </reporter-output>
        </test-method> <!-- verifyBuyIntradayFunctionality -->
        <test-method is-config="true" signature="tearDown()[pri:0, instance:com.ds.testLayer.BuyFunctionality@74fe5c40]" started-at="2023-02-05T00:16:17 IST" name="tearDown" finished-at="2023-02-05T00:16:17 IST" duration-ms="277" status="PASS">
          <reporter-output>
          </reporter-output>
        </test-method> <!-- tearDown -->
      </class> <!-- com.ds.testLayer.BuyFunctionality -->
    </test> <!-- Test -->
  </suite> <!-- Suite -->
</testng-results>
